{
  "RSpec": {
    "coverage": {
      "/Users/athomas5/git/ashtonthomas/level_up_exercises/overlord/config/boot.rb": [
        1,
        null,
        1,
        1,
        1,
        null,
        2
      ],
      "/Users/athomas5/git/ashtonthomas/level_up_exercises/overlord/lib/overlord.rb": [
        1,
        1,
        1,
        null,
        1,
        1,
        null,
        null,
        1,
        0,
        0,
        null,
        null,
        null,
        1,
        1,
        null,
        null,
        null,
        null
      ]
    },
    "timestamp": 1406143196
  }
}
