{
  "RSpec": {
    "coverage": {
      "/Users/kgan/Git/lue/level_up_exercises/triangle_facts/triangle_facts.rb": [
        null,
        1,
        1,
        null,
        1,
        24,
        null,
        null,
        1,
        30,
        null,
        null,
        1,
        27,
        null,
        null,
        1,
        16,
        7,
        null,
        9,
        null,
        null,
        null,
        1,
        12,
        12,
        12,
        null,
        12,
        12,
        null,
        12,
        12,
        null,
        null,
        1,
        16,
        16,
        16,
        null,
        16,
        null,
        null,
        1,
        48,
        null,
        null,
        null,
        null,
        1,
        null,
        null,
        null,
        1,
        2,
        2,
        null
      ],
      "/Users/kgan/Git/lue/level_up_exercises/triangle_facts/spec/triangle_facts/triangle_facts_spec.rb": [
        1,
        null,
        1,
        7,
        5,
        5,
        23,
        null,
        1,
        1,
        1,
        null,
        null,
        null,
        1,
        1,
        2,
        1,
        1,
        null,
        null,
        1,
        2,
        1,
        1,
        null,
        null,
        null,
        null,
        1,
        1,
        2,
        1,
        1,
        null,
        null,
        1,
        2,
        1,
        1,
        null,
        null,
        null,
        null,
        1,
        1,
        2,
        1,
        1,
        null,
        null,
        1,
        2,
        1,
        1,
        null,
        null,
        1,
        2,
        1,
        1,
        null,
        null,
        1,
        2,
        1,
        1,
        null,
        null,
        null,
        null,
        1,
        1,
        1,
        2,
        1,
        2,
        1,
        null,
        null,
        1,
        2,
        1,
        2,
        1,
        null,
        null,
        null,
        1,
        1,
        2,
        1,
        2,
        1,
        null,
        null,
        1,
        2,
        1,
        2,
        1,
        null,
        null,
        null,
        1,
        1,
        2,
        1,
        2,
        1,
        null,
        null,
        1,
        2,
        1,
        2,
        1,
        null,
        null,
        null,
        1,
        1,
        2,
        1,
        2,
        1,
        null,
        null,
        1,
        2,
        1,
        2,
        1,
        null,
        null,
        null,
        1,
        1,
        1,
        2,
        1,
        null,
        1,
        2,
        1,
        null,
        null,
        null,
        null,
        1,
        1,
        4,
        1,
        1,
        null,
        1,
        1,
        null,
        1,
        1,
        null,
        null,
        null,
        null,
        1,
        10,
        0,
        null,
        10,
        10,
        10,
        10,
        null,
        10,
        null,
        10,
        null,
        null,
        null
      ]
    },
    "timestamp": 1421262127
  }
}
