{
  "RSpec": {
    "coverage": {
      "/Users/kgan/Git/lue/level_up_exercises/dino_catalog/dinosaur.rb": [
        1,
        null,
        1,
        null,
        1,
        null,
        1,
        20,
        20,
        20,
        20,
        20,
        20,
        20,
        null,
        null,
        1,
        7,
        49,
        null,
        null,
        null
      ],
      "/Users/kgan/Git/lue/level_up_exercises/dino_catalog/dino_dex.rb": [
        1,
        1,
        1,
        null,
        1,
        null,
        1,
        null,
        1,
        0,
        null,
        null,
        1,
        0,
        0,
        0,
        0,
        null,
        null,
        0,
        null,
        null,
        null,
        0,
        null,
        null,
        null,
        null,
        1,
        null,
        null,
        1,
        null,
        null,
        null
      ],
      "/Users/kgan/Git/lue/level_up_exercises/spec/dino_catalog/dino_dex_spec.rb": [
        1,
        null,
        1,
        null,
        1,
        1,
        null,
        null,
        1,
        1,
        null,
        null,
        1,
        1,
        null,
        null,
        1,
        null,
        null,
        null
      ],
      "/Users/kgan/Git/lue/level_up_exercises/spec/dino_catalog/dinosaur_spec.rb": [
        1,
        null,
        1,
        21,
        1,
        null,
        null,
        null,
        null,
        null,
        null,
        14,
        null,
        1,
        1,
        1,
        null,
        null,
        1,
        1,
        6,
        6,
        null,
        null,
        null,
        null,
        1,
        7,
        1,
        6,
        6,
        null,
        null,
        null,
        null,
        null,
        1,
        1,
        1,
        null,
        1,
        6,
        6,
        null,
        null,
        null,
        null
      ]
    },
    "timestamp": 1420837012
  }
}
