{
  "RSpec": {
    "coverage": {
      "/Users/kgan/Git/lue/level_up_exercises/dino_catalog/dinosaur.rb": [
        1,
        null,
        1,
        null,
        1,
        null,
        1,
        14,
        14,
        14,
        14,
        14,
        14,
        14,
        null,
        null,
        1,
        1,
        7,
        null,
        null,
        null
      ],
      "/Users/kgan/Git/lue/level_up_exercises/spec/dino_catalog/dinosaur_spec.rb": [
        1,
        null,
        1,
        15,
        1,
        null,
        null,
        null,
        null,
        null,
        null,
        8,
        null,
        1,
        1,
        1,
        null,
        null,
        1,
        1,
        6,
        6,
        null,
        null,
        null,
        null,
        1,
        7,
        1,
        6,
        6,
        null,
        null,
        null,
        null,
        null,
        1,
        1,
        1,
        null,
        null,
        null
      ]
    },
    "timestamp": 1420835664
  }
}
